{
  "stats": {
    "suites": 1,
    "tests": 4,
    "passes": 4,
    "pending": 0,
    "failures": 0,
    "start": "2025-06-18T11:03:21.798Z",
    "end": "2025-06-18T11:03:23.544Z",
    "duration": 1746,
    "testsRegistered": 4,
    "passPercent": 100,
    "pendingPercent": 0,
    "other": 0,
    "hasOther": false,
    "skipped": 0,
    "hasSkipped": false
  },
  "results": [
    {
      "uuid": "749089ba-8f49-4a2b-8f7f-0cc9413d5ed5",
      "title": "",
      "fullFile": "D:\\Tugas Sesi 7\\APITest\\apitest.js",
      "file": "\\APITest\\apitest.js",
      "beforeHooks": [],
      "afterHooks": [],
      "tests": [],
      "suites": [
        {
          "uuid": "f4cb16a6-2da3-43d7-9bea-e9ab646ae120",
          "title": "API Reqres.in",
          "fullFile": "D:\\Tugas Sesi 7\\APITest\\apitest.js",
          "file": "\\APITest\\apitest.js",
          "beforeHooks": [],
          "afterHooks": [],
          "tests": [
            {
              "title": "GET user",
              "fullTitle": "API Reqres.in GET user",
              "timedOut": false,
              "duration": 366,
              "state": "passed",
              "speed": "slow",
              "pass": true,
              "fail": false,
              "pending": false,
              "context": null,
              "code": "const response = await fetch(\"https://reqres.in/api/users/2\");\nconst data = await response.json();\nexpect(response.status).to.equal(200);\nexpect(data.data.id).to.equal(2);",
              "err": {},
              "uuid": "f3abc1ee-a5ad-414a-a242-eb21d3ffa76e",
              "parentUUID": "f4cb16a6-2da3-43d7-9bea-e9ab646ae120",
              "isHook": false,
              "skipped": false
            },
            {
              "title": "POST create user",
              "fullTitle": "API Reqres.in POST create user",
              "timedOut": false,
              "duration": 439,
              "state": "passed",
              "speed": "slow",
              "pass": true,
              "fail": false,
              "pending": false,
              "context": null,
              "code": "const response = await fetch(\"https://reqres.in/api/users\", {\n  method: \"POST\",\n  headers: {\n    \"Content-Type\": \"application/json\",\n    \"x-api-key\": \"reqres-free-v1\"\n  },\n  body: JSON.stringify({\n    name: \"fikri\",\n    job: \"it support\"\n  })\n});\nconst data = await response.json();\nconsole.log(\"Status:\", response.status);\nconsole.log(\"Body:\", data);\nexpect(response.status).to.equal(201);\nexpect(data.name).to.equal(\"fikri\");\nexpect(data.job).to.equal(\"it support\");",
              "err": {},
              "uuid": "a31c88df-bf6f-4c28-a859-b252adf106da",
              "parentUUID": "f4cb16a6-2da3-43d7-9bea-e9ab646ae120",
              "isHook": false,
              "skipped": false
            },
            {
              "title": "PATCH update user",
              "fullTitle": "API Reqres.in PATCH update user",
              "timedOut": false,
              "duration": 509,
              "state": "passed",
              "speed": "slow",
              "pass": true,
              "fail": false,
              "pending": false,
              "context": null,
              "code": "const response = await fetch(\"https://reqres.in/api/users/2\", {\n  method: \"PATCH\",\n  headers: {\n    \"Content-Type\": \"application/json\",\n    \"x-api-key\": \"reqres-free-v1\"\n  },\n  body: JSON.stringify({\n    name: \"Fikri Luthfi D\",\n    job: \"QA\"\n  })\n});\nconst data = await response.json();\nconsole.log(\"PATCH status:\", response.status);\nconsole.log(\"PATCH response:\", data);\nexpect(response.status).to.equal(200);\nexpect(data.name).to.equal(\"Fikri Luthfi D\");",
              "err": {},
              "uuid": "9d3f2f9d-fa2a-4736-9e3b-50337c1d6cbd",
              "parentUUID": "f4cb16a6-2da3-43d7-9bea-e9ab646ae120",
              "isHook": false,
              "skipped": false
            },
            {
              "title": "DELETE user",
              "fullTitle": "API Reqres.in DELETE user",
              "timedOut": false,
              "duration": 396,
              "state": "passed",
              "speed": "slow",
              "pass": true,
              "fail": false,
              "pending": false,
              "context": null,
              "code": "const response = await fetch(\"https://reqres.in/api/users/2\", {\n  method: \"DELETE\",\n  headers: {\n  \"Content-Type\": \"application/json\",\n  \"x-api-key\": \"reqres-free-v1\"\n},\n});\nexpect(response.status).to.equal(204);",
              "err": {},
              "uuid": "d7958369-2717-44fd-9cd1-1df15d06dca0",
              "parentUUID": "f4cb16a6-2da3-43d7-9bea-e9ab646ae120",
              "isHook": false,
              "skipped": false
            }
          ],
          "suites": [],
          "passes": [
            "f3abc1ee-a5ad-414a-a242-eb21d3ffa76e",
            "a31c88df-bf6f-4c28-a859-b252adf106da",
            "9d3f2f9d-fa2a-4736-9e3b-50337c1d6cbd",
            "d7958369-2717-44fd-9cd1-1df15d06dca0"
          ],
          "failures": [],
          "pending": [],
          "skipped": [],
          "duration": 1710,
          "root": false,
          "rootEmpty": false,
          "_timeout": 2000
        }
      ],
      "passes": [],
      "failures": [],
      "pending": [],
      "skipped": [],
      "duration": 0,
      "root": true,
      "rootEmpty": true,
      "_timeout": 2000
    }
  ],
  "meta": {
    "mocha": {
      "version": "11.7.0"
    },
    "mochawesome": {
      "options": {
        "quiet": false,
        "reportFilename": "mochawesome",
        "saveHtml": true,
        "saveJson": true,
        "consoleReporter": "spec",
        "useInlineDiffs": false,
        "code": true
      },
      "version": "7.1.3"
    },
    "marge": {
      "options": null,
      "version": "6.2.0"
    }
  }
}